[INFO] ** LOG LEVEL: INFO [(unknown file)](0)[04:03:05]
[INFO] ============================== [(unknown file)](0)[04:03:06]
[INFO] Adding Assembly [System.Windows.Forms] [(unknown file)](0)[04:03:06]
[INFO] Loaded [System.Windows.Forms] [(unknown file)](0)[04:03:06]
[INFO] ############################## [(unknown file)](0)[04:03:06]
[WARNING] *** Assembly Skiped. Not in target list: mscorlib [(unknown file)](0)[04:03:06]
[WARNING] *** Assembly Skiped. Not in target list: System [(unknown file)](0)[04:03:06]
[WARNING] *** Assembly Skiped. Not in target list: IronPython.SQLite [(unknown file)](0)[04:03:06]
[WARNING] *** Assembly Skiped. Not in target list: IronPython.Wpf [(unknown file)](0)[04:03:06]
[INFO] Parsing Assembly: System.Windows.Forms [(unknown file)](0)[04:03:06]
[INFO] Total: 10 [(unknown file)](0)[04:03:06]
[INFO] {
    "System": "'System'", 
    "System.Resources": "'Resources'", 
    "System.Windows": "'Windows'", 
    "System.Windows.Forms": "'Forms'", 
    "System.Windows.Forms.ComponentModel": "'ComponentModel'", 
    "System.Windows.Forms.ComponentModel.Com2Interop": "'Com2Interop'", 
    "System.Windows.Forms.Design": "'Design'", 
    "System.Windows.Forms.Layout": "'Layout'", 
    "System.Windows.Forms.PropertyGridInternal": "'PropertyGridInternal'", 
    "System.Windows.Forms.VisualStyles": "'VisualStyles'"
} [(unknown file)](0)[04:03:06]
[INFO] ** LOG LEVEL: INFO [logger.py](1)[04:30:00]
[INFO] ============================== [make_stubs.py](1)[04:30:00]
[INFO] Adding Assembly [ProtoGeometry] [make_stubs.py](1)[04:30:00]
[INFO] Loaded [ProtoGeometry] [make_stubs.py](1)[04:30:00]
[INFO] ############################## [make_stubs.py](1)[04:30:00]
[WARNING] *** Assembly Skiped. Not in target list: mscorlib [make_stubs.py](1)[04:30:00]
[WARNING] *** Assembly Skiped. Not in target list: System [make_stubs.py](1)[04:30:00]
[WARNING] *** Assembly Skiped. Not in target list: IronPython.SQLite [make_stubs.py](1)[04:30:00]
[WARNING] *** Assembly Skiped. Not in target list: IronPython.Wpf [make_stubs.py](1)[04:30:00]
[INFO] Parsing Assembly: ProtoGeometry [make_stubs.py](1)[04:30:00]
[INFO] ** LOG LEVEL: INFO [logger.py](1)[04:30:13]
[INFO] ============================== [make_stubs.py](1)[04:30:14]
[INFO] Adding Assembly [ProtoGeometry] [make_stubs.py](1)[04:30:14]
[INFO] Loaded [ProtoGeometry] [make_stubs.py](1)[04:30:14]
[INFO] ############################## [make_stubs.py](1)[04:30:14]
[WARNING] *** Assembly Skiped. Not in target list: mscorlib [make_stubs.py](1)[04:30:14]
[WARNING] *** Assembly Skiped. Not in target list: System [make_stubs.py](1)[04:30:14]
[WARNING] *** Assembly Skiped. Not in target list: IronPython.SQLite [make_stubs.py](1)[04:30:14]
[WARNING] *** Assembly Skiped. Not in target list: IronPython.Wpf [make_stubs.py](1)[04:30:14]
[INFO] Parsing Assembly: ProtoGeometry [make_stubs.py](1)[04:30:14]
[INFO] ** LOG LEVEL: INFO [logger.py](1)[04:30:50]
[INFO] ============================== [make_stubs.py](1)[04:30:51]
[INFO] Adding Assembly [ProtoGeometry] [make_stubs.py](1)[04:30:51]
[INFO] Loaded [ProtoGeometry] [make_stubs.py](1)[04:30:51]
[INFO] ============================== [make_stubs.py](1)[04:30:51]
[INFO] Adding Assembly [DSCoreNodes] [make_stubs.py](1)[04:30:51]
[INFO] Loaded [DSCoreNodes] [make_stubs.py](1)[04:30:51]
[INFO] ============================== [make_stubs.py](1)[04:30:51]
[INFO] Adding Assembly [DSOffice] [make_stubs.py](1)[04:30:51]
[INFO] Loaded [DSOffice] [make_stubs.py](1)[04:30:51]
[INFO] ============================== [make_stubs.py](1)[04:30:51]
[INFO] Adding Assembly [Tessellation] [make_stubs.py](1)[04:30:51]
[INFO] Loaded [Tessellation] [make_stubs.py](1)[04:30:51]
[INFO] ############################## [make_stubs.py](1)[04:30:51]
[WARNING] *** Assembly Skiped. Not in target list: mscorlib [make_stubs.py](1)[04:30:51]
[WARNING] *** Assembly Skiped. Not in target list: System [make_stubs.py](1)[04:30:51]
[WARNING] *** Assembly Skiped. Not in target list: IronPython.SQLite [make_stubs.py](1)[04:30:51]
[WARNING] *** Assembly Skiped. Not in target list: IronPython.Wpf [make_stubs.py](1)[04:30:51]
[INFO] Parsing Assembly: ProtoGeometry [make_stubs.py](1)[04:30:51]
[INFO] Parsing Assembly: DSCoreNodes [make_stubs.py](1)[04:30:51]
[INFO] Parsing Assembly: DSOffice [make_stubs.py](1)[04:30:51]
[INFO] Parsing Assembly: Tessellation [make_stubs.py](1)[04:30:51]
[INFO] ** LOG LEVEL: INFO [logger.py](1)[04:35:53]
[INFO] ============================== [make_stubs.py](1)[04:35:54]
[INFO] Adding Assembly [ProtoGeometry] [make_stubs.py](1)[04:35:54]
[INFO] Loaded [ProtoGeometry] [make_stubs.py](1)[04:35:54]
[INFO] ============================== [make_stubs.py](1)[04:35:54]
[INFO] Adding Assembly [DSCoreNodes] [make_stubs.py](1)[04:35:54]
[INFO] Loaded [DSCoreNodes] [make_stubs.py](1)[04:35:54]
[INFO] ============================== [make_stubs.py](1)[04:35:54]
[INFO] Adding Assembly [DSOffice] [make_stubs.py](1)[04:35:54]
[INFO] Loaded [DSOffice] [make_stubs.py](1)[04:35:54]
[INFO] ============================== [make_stubs.py](1)[04:35:54]
[INFO] Adding Assembly [Tessellation] [make_stubs.py](1)[04:35:54]
[INFO] Loaded [Tessellation] [make_stubs.py](1)[04:35:54]
[INFO] >>> Assemblies Loaded. Crawling Modules [make_stubs.py](1)[04:35:54]
[WARNING] *** Assembly Skiped. Not in target list: mscorlib [make_stubs.py](1)[04:35:54]
[WARNING] *** Assembly Skiped. Not in target list: System [make_stubs.py](1)[04:35:54]
[WARNING] *** Assembly Skiped. Not in target list: IronPython.SQLite [make_stubs.py](1)[04:35:54]
[WARNING] *** Assembly Skiped. Not in target list: IronPython.Wpf [make_stubs.py](1)[04:35:54]
[INFO] Parsing Assembly: ProtoGeometry [make_stubs.py](1)[04:35:54]
[INFO] Parsing Assembly: DSCoreNodes [make_stubs.py](1)[04:35:54]
[INFO] Parsing Assembly: DSOffice [make_stubs.py](1)[04:35:54]
[INFO] Parsing Assembly: Tessellation [make_stubs.py](1)[04:35:54]
[INFO] ** LOG LEVEL: INFO [logger.py](1)[04:37:01]
[INFO] ============================== [make_stubs.py](1)[04:37:01]
[INFO] Adding Assembly [ProtoGeometry] [make_stubs.py](1)[04:37:01]
[INFO] Loaded [ProtoGeometry] [make_stubs.py](1)[04:37:01]
[INFO] ============================== [make_stubs.py](1)[04:37:01]
[INFO] Adding Assembly [DSCoreNodes] [make_stubs.py](1)[04:37:01]
[INFO] Loaded [DSCoreNodes] [make_stubs.py](1)[04:37:01]
[INFO] ============================== [make_stubs.py](1)[04:37:01]
[INFO] Adding Assembly [DSOffice] [make_stubs.py](1)[04:37:01]
[INFO] Loaded [DSOffice] [make_stubs.py](1)[04:37:01]
[INFO] ============================== [make_stubs.py](1)[04:37:01]
[INFO] Adding Assembly [Tessellation] [make_stubs.py](1)[04:37:01]
[INFO] Loaded [Tessellation] [make_stubs.py](1)[04:37:01]
[INFO] >>> Assemblies Loaded. Crawling Modules [make_stubs.py](1)[04:37:01]
[WARNING] *** Assembly Skiped. Not in target list: mscorlib [make_stubs.py](1)[04:37:01]
[WARNING] *** Assembly Skiped. Not in target list: System [make_stubs.py](1)[04:37:01]
[WARNING] *** Assembly Skiped. Not in target list: IronPython.SQLite [make_stubs.py](1)[04:37:01]
[WARNING] *** Assembly Skiped. Not in target list: IronPython.Wpf [make_stubs.py](1)[04:37:01]
[INFO] Parsing Assembly: ProtoGeometry [make_stubs.py](1)[04:37:01]
[INFO] Parsing Assembly: DSCoreNodes [make_stubs.py](1)[04:37:01]
[INFO] Parsing Assembly: DSOffice [make_stubs.py](1)[04:37:01]
[INFO] Parsing Assembly: Tessellation [make_stubs.py](1)[04:37:01]
[INFO] ** LOG LEVEL: INFO [logger.py](1)[04:38:11]
[INFO] ============================== [make_stubs.py](1)[04:38:12]
[INFO] Adding Assembly [ProtoGeometry] [make_stubs.py](1)[04:38:12]
[INFO] Loaded [ProtoGeometry] [make_stubs.py](1)[04:38:12]
[INFO] ============================== [make_stubs.py](1)[04:38:12]
[INFO] Adding Assembly [DSCoreNodes] [make_stubs.py](1)[04:38:12]
[INFO] Loaded [DSCoreNodes] [make_stubs.py](1)[04:38:12]
[INFO] ============================== [make_stubs.py](1)[04:38:12]
[INFO] Adding Assembly [DSOffice] [make_stubs.py](1)[04:38:12]
[INFO] Loaded [DSOffice] [make_stubs.py](1)[04:38:12]
[INFO] ============================== [make_stubs.py](1)[04:38:12]
[INFO] Adding Assembly [Tessellation] [make_stubs.py](1)[04:38:12]
[INFO] Loaded [Tessellation] [make_stubs.py](1)[04:38:12]
[INFO] >>> Assemblies Loaded. Crawling Modules [make_stubs.py](1)[04:38:12]
[WARNING] *** Assembly Skiped. Not in target list: mscorlib [make_stubs.py](1)[04:38:12]
[WARNING] *** Assembly Skiped. Not in target list: System [make_stubs.py](1)[04:38:12]
[WARNING] *** Assembly Skiped. Not in target list: IronPython.SQLite [make_stubs.py](1)[04:38:12]
[WARNING] *** Assembly Skiped. Not in target list: IronPython.Wpf [make_stubs.py](1)[04:38:12]
[INFO] Parsing Assembly: ProtoGeometry [make_stubs.py](1)[04:38:12]
[INFO] Parsing Assembly: DSCoreNodes [make_stubs.py](1)[04:38:12]
[INFO] Parsing Assembly: DSOffice [make_stubs.py](1)[04:38:12]
[INFO] Parsing Assembly: Tessellation [make_stubs.py](1)[04:38:12]
[INFO] ** LOG LEVEL: INFO [logger.py](1)[04:38:28]
[INFO] ============================== [make_stubs.py](1)[04:38:29]
[INFO] Adding Assembly [ProtoGeometry] [make_stubs.py](1)[04:38:29]
[INFO] Loaded [ProtoGeometry] [make_stubs.py](1)[04:38:29]
[INFO] ============================== [make_stubs.py](1)[04:38:29]
[INFO] Adding Assembly [DSCoreNodes] [make_stubs.py](1)[04:38:29]
[INFO] Loaded [DSCoreNodes] [make_stubs.py](1)[04:38:29]
[INFO] ============================== [make_stubs.py](1)[04:38:29]
[INFO] Adding Assembly [DSOffice] [make_stubs.py](1)[04:38:29]
[INFO] Loaded [DSOffice] [make_stubs.py](1)[04:38:29]
[INFO] ============================== [make_stubs.py](1)[04:38:29]
[INFO] Adding Assembly [Tessellation] [make_stubs.py](1)[04:38:29]
[INFO] Loaded [Tessellation] [make_stubs.py](1)[04:38:29]
[INFO] >>> Assemblies Loaded. Crawling Modules [make_stubs.py](1)[04:38:29]
[WARNING] *** Assembly Skiped. Not in target list: mscorlib [make_stubs.py](1)[04:38:29]
[WARNING] *** Assembly Skiped. Not in target list: System [make_stubs.py](1)[04:38:29]
[WARNING] *** Assembly Skiped. Not in target list: IronPython.SQLite [make_stubs.py](1)[04:38:29]
[WARNING] *** Assembly Skiped. Not in target list: IronPython.Wpf [make_stubs.py](1)[04:38:29]
[INFO] Parsing Assembly: ProtoGeometry [make_stubs.py](1)[04:38:29]
[INFO] Parsing Assembly: DSCoreNodes [make_stubs.py](1)[04:38:29]
[INFO] Parsing Assembly: DSOffice [make_stubs.py](1)[04:38:29]
[INFO] Parsing Assembly: Tessellation [make_stubs.py](1)[04:38:29]
[INFO] ** LOG LEVEL: INFO [logger.py](1)[04:39:20]
[INFO] ============================== [make_stubs.py](1)[04:39:21]
[INFO] Adding Assembly [ProtoGeometry] [make_stubs.py](1)[04:39:21]
[INFO] Loaded [ProtoGeometry] [make_stubs.py](1)[04:39:21]
[INFO] ============================== [make_stubs.py](1)[04:39:21]
[INFO] Adding Assembly [DSCoreNodes] [make_stubs.py](1)[04:39:21]
[INFO] Loaded [DSCoreNodes] [make_stubs.py](1)[04:39:21]
[INFO] ============================== [make_stubs.py](1)[04:39:21]
[INFO] Adding Assembly [DSOffice] [make_stubs.py](1)[04:39:21]
[INFO] Loaded [DSOffice] [make_stubs.py](1)[04:39:21]
[INFO] ============================== [make_stubs.py](1)[04:39:21]
[INFO] Adding Assembly [Tessellation] [make_stubs.py](1)[04:39:21]
[INFO] Loaded [Tessellation] [make_stubs.py](1)[04:39:21]
[INFO] >>> Assemblies Loaded. Crawling Modules [make_stubs.py](1)[04:39:21]
[WARNING] *** Assembly Skiped. Not in target list: mscorlib [make_stubs.py](1)[04:39:21]
[WARNING] *** Assembly Skiped. Not in target list: System [make_stubs.py](1)[04:39:21]
[WARNING] *** Assembly Skiped. Not in target list: IronPython.SQLite [make_stubs.py](1)[04:39:21]
[WARNING] *** Assembly Skiped. Not in target list: IronPython.Wpf [make_stubs.py](1)[04:39:21]
[INFO] Parsing Assembly: ProtoGeometry [make_stubs.py](1)[04:39:21]
[INFO] Parsing Assembly: DSCoreNodes [make_stubs.py](1)[04:39:46]
[INFO] ** LOG LEVEL: INFO [logger.py](1)[04:40:41]
[INFO] ============================== [make_stubs.py](1)[04:40:42]
[INFO] Adding Assembly [ProtoGeometry] [make_stubs.py](1)[04:40:42]
[INFO] Loaded [ProtoGeometry] [make_stubs.py](1)[04:40:42]
[INFO] ============================== [make_stubs.py](1)[04:40:42]
[INFO] Adding Assembly [DSCoreNodes] [make_stubs.py](1)[04:40:42]
[INFO] Loaded [DSCoreNodes] [make_stubs.py](1)[04:40:42]
[INFO] ============================== [make_stubs.py](1)[04:40:42]
[INFO] Adding Assembly [DSOffice] [make_stubs.py](1)[04:40:42]
[INFO] Loaded [DSOffice] [make_stubs.py](1)[04:40:42]
[INFO] ============================== [make_stubs.py](1)[04:40:42]
[INFO] Adding Assembly [Tessellation] [make_stubs.py](1)[04:40:42]
[INFO] Loaded [Tessellation] [make_stubs.py](1)[04:40:42]
[INFO] >>> Assemblies Loaded. Crawling Modules [make_stubs.py](1)[04:40:42]
[WARNING] *** Assembly Skiped. Not in target list: mscorlib [make_stubs.py](1)[04:40:42]
[WARNING] *** Assembly Skiped. Not in target list: System [make_stubs.py](1)[04:40:42]
[WARNING] *** Assembly Skiped. Not in target list: IronPython.SQLite [make_stubs.py](1)[04:40:42]
[WARNING] *** Assembly Skiped. Not in target list: IronPython.Wpf [make_stubs.py](1)[04:40:42]
[INFO] Parsing Assembly: ProtoGeometry [make_stubs.py](1)[04:40:42]
[INFO] ** LOG LEVEL: INFO [logger.py](1)[04:41:04]
[INFO] ============================== [make_stubs.py](1)[04:41:05]
[INFO] Adding Assembly [ProtoGeometry] [make_stubs.py](1)[04:41:05]
[INFO] Loaded [ProtoGeometry] [make_stubs.py](1)[04:41:05]
[INFO] ============================== [make_stubs.py](1)[04:41:05]
[INFO] Adding Assembly [DSCoreNodes] [make_stubs.py](1)[04:41:05]
[INFO] Loaded [DSCoreNodes] [make_stubs.py](1)[04:41:05]
[INFO] ============================== [make_stubs.py](1)[04:41:05]
[INFO] Adding Assembly [DSOffice] [make_stubs.py](1)[04:41:05]
[INFO] Loaded [DSOffice] [make_stubs.py](1)[04:41:05]
[INFO] ============================== [make_stubs.py](1)[04:41:05]
[INFO] Adding Assembly [Tessellation] [make_stubs.py](1)[04:41:05]
[INFO] Loaded [Tessellation] [make_stubs.py](1)[04:41:05]
[INFO] >>> Assemblies Loaded. Crawling Modules [make_stubs.py](1)[04:41:05]
[WARNING] *** Assembly Skiped. Not in target list: mscorlib [make_stubs.py](1)[04:41:05]
[WARNING] *** Assembly Skiped. Not in target list: System [make_stubs.py](1)[04:41:05]
[WARNING] *** Assembly Skiped. Not in target list: IronPython.SQLite [make_stubs.py](1)[04:41:05]
[WARNING] *** Assembly Skiped. Not in target list: IronPython.Wpf [make_stubs.py](1)[04:41:05]
[INFO] Parsing Assembly: ProtoGeometry [make_stubs.py](1)[04:41:10]
[INFO] ** LOG LEVEL: INFO [logger.py](1)[04:47:34]
[INFO] ============================== [make_stubs.py](1)[04:47:35]
[INFO] Adding Assembly [ProtoGeometry] [make_stubs.py](1)[04:47:35]
[INFO] Loaded [ProtoGeometry] [make_stubs.py](1)[04:47:35]
[INFO] ============================== [make_stubs.py](1)[04:47:35]
[INFO] Adding Assembly [DSCoreNodes] [make_stubs.py](1)[04:47:35]
[INFO] Loaded [DSCoreNodes] [make_stubs.py](1)[04:47:35]
[INFO] ============================== [make_stubs.py](1)[04:47:35]
[INFO] Adding Assembly [DSOffice] [make_stubs.py](1)[04:47:35]
[INFO] Loaded [DSOffice] [make_stubs.py](1)[04:47:35]
[INFO] ============================== [make_stubs.py](1)[04:47:35]
[INFO] Adding Assembly [Tessellation] [make_stubs.py](1)[04:47:35]
[INFO] Loaded [Tessellation] [make_stubs.py](1)[04:47:35]
[INFO] >>> Assemblies Loaded. Crawling Modules [make_stubs.py](1)[04:47:35]
[WARNING] *** Assembly Skiped. Not in target list: mscorlib [make_stubs.py](1)[04:47:35]
[WARNING] *** Assembly Skiped. Not in target list: System [make_stubs.py](1)[04:47:35]
[WARNING] *** Assembly Skiped. Not in target list: IronPython.SQLite [make_stubs.py](1)[04:47:35]
[WARNING] *** Assembly Skiped. Not in target list: IronPython.Wpf [make_stubs.py](1)[04:47:35]
[INFO] Parsing Assembly: ProtoGeometry [make_stubs.py](1)[04:47:35]
[INFO] ** LOG LEVEL: INFO [logger.py](1)[04:48:27]
[INFO] ============================== [make_stubs.py](1)[04:48:27]
[INFO] Adding Assembly [ProtoGeometry] [make_stubs.py](1)[04:48:27]
[INFO] Loaded [ProtoGeometry] [make_stubs.py](1)[04:48:27]
[INFO] ============================== [make_stubs.py](1)[04:48:27]
[INFO] Adding Assembly [DSCoreNodes] [make_stubs.py](1)[04:48:27]
[INFO] Loaded [DSCoreNodes] [make_stubs.py](1)[04:48:27]
[INFO] ============================== [make_stubs.py](1)[04:48:27]
[INFO] Adding Assembly [DSOffice] [make_stubs.py](1)[04:48:27]
[INFO] Loaded [DSOffice] [make_stubs.py](1)[04:48:27]
[INFO] ============================== [make_stubs.py](1)[04:48:27]
[INFO] Adding Assembly [Tessellation] [make_stubs.py](1)[04:48:27]
[INFO] Loaded [Tessellation] [make_stubs.py](1)[04:48:27]
[INFO] >>> Assemblies Loaded. Crawling Modules [make_stubs.py](1)[04:48:27]
[WARNING] *** Assembly Skiped. Not in target list: mscorlib [make_stubs.py](1)[04:48:27]
[WARNING] *** Assembly Skiped. Not in target list: System [make_stubs.py](1)[04:48:27]
[WARNING] *** Assembly Skiped. Not in target list: IronPython.SQLite [make_stubs.py](1)[04:48:27]
[WARNING] *** Assembly Skiped. Not in target list: IronPython.Wpf [make_stubs.py](1)[04:48:27]
[INFO] Parsing Assembly: ProtoGeometry [make_stubs.py](1)[04:48:27]
[INFO] Parsing Assembly: DSCoreNodes [make_stubs.py](1)[04:48:27]
[INFO] Parsing Assembly: DSOffice [make_stubs.py](1)[04:48:27]
[INFO] Parsing Assembly: Tessellation [make_stubs.py](1)[04:48:27]
[INFO] ** LOG LEVEL: INFO [logger.py](1)[04:52:37]
[INFO] ** LOG LEVEL: INFO [logger.py](1)[04:55:28]
[INFO] ============================== [make_stubs.py](1)[04:55:29]
[INFO] Adding Assembly [ProtoGeometry] [make_stubs.py](1)[04:55:29]
[INFO] Loaded [ProtoGeometry] [make_stubs.py](1)[04:55:29]
[INFO] ============================== [make_stubs.py](1)[04:55:29]
[INFO] Adding Assembly [DSCoreNodes] [make_stubs.py](1)[04:55:29]
[INFO] Loaded [DSCoreNodes] [make_stubs.py](1)[04:55:29]
[INFO] ============================== [make_stubs.py](1)[04:55:29]
[INFO] Adding Assembly [DSOffice] [make_stubs.py](1)[04:55:29]
[INFO] Loaded [DSOffice] [make_stubs.py](1)[04:55:29]
[INFO] ============================== [make_stubs.py](1)[04:55:29]
[INFO] Adding Assembly [Tessellation] [make_stubs.py](1)[04:55:29]
[INFO] Loaded [Tessellation] [make_stubs.py](1)[04:55:29]
[INFO] >>> Assemblies Loaded. Crawling Modules [make_stubs.py](1)[04:55:29]
[WARNING] *** Assembly Skiped. Not in target list: mscorlib [make_stubs.py](1)[04:55:29]
[WARNING] *** Assembly Skiped. Not in target list: System [make_stubs.py](1)[04:55:29]
[WARNING] *** Assembly Skiped. Not in target list: IronPython.SQLite [make_stubs.py](1)[04:55:29]
[WARNING] *** Assembly Skiped. Not in target list: IronPython.Wpf [make_stubs.py](1)[04:55:29]
[INFO] Parsing Assembly: ProtoGeometry [make_stubs.py](1)[04:55:29]
[INFO] ** LOG LEVEL: INFO [logger.py](1)[04:55:58]
[INFO] ============================== [make_stubs.py](1)[04:55:58]
[INFO] Adding Assembly [ProtoGeometry] [make_stubs.py](1)[04:55:58]
[INFO] Loaded [ProtoGeometry] [make_stubs.py](1)[04:55:58]
[INFO] ============================== [make_stubs.py](1)[04:55:58]
[INFO] Adding Assembly [DSCoreNodes] [make_stubs.py](1)[04:55:58]
[INFO] Loaded [DSCoreNodes] [make_stubs.py](1)[04:55:58]
[INFO] ============================== [make_stubs.py](1)[04:55:58]
[INFO] Adding Assembly [DSOffice] [make_stubs.py](1)[04:55:58]
[INFO] Loaded [DSOffice] [make_stubs.py](1)[04:55:58]
[INFO] ============================== [make_stubs.py](1)[04:55:58]
[INFO] Adding Assembly [Tessellation] [make_stubs.py](1)[04:55:58]
[INFO] Loaded [Tessellation] [make_stubs.py](1)[04:55:58]
[INFO] >>> Assemblies Loaded. Crawling Modules [make_stubs.py](1)[04:55:58]
[WARNING] *** Assembly Skiped. Not in target list: mscorlib [make_stubs.py](1)[04:55:58]
[WARNING] *** Assembly Skiped. Not in target list: System [make_stubs.py](1)[04:55:58]
[WARNING] *** Assembly Skiped. Not in target list: IronPython.SQLite [make_stubs.py](1)[04:55:58]
[WARNING] *** Assembly Skiped. Not in target list: IronPython.Wpf [make_stubs.py](1)[04:55:58]
[INFO] Parsing Assembly: ProtoGeometry [make_stubs.py](1)[04:55:58]
[INFO] Parsing Assembly: DSCoreNodes [make_stubs.py](1)[04:55:58]
[INFO] Parsing Assembly: DSOffice [make_stubs.py](1)[04:55:58]
[INFO] Parsing Assembly: Tessellation [make_stubs.py](1)[04:55:58]
[INFO] ** LOG LEVEL: INFO [logger.py](1)[04:56:23]
[INFO] ============================== [make_stubs.py](1)[04:56:24]
[INFO] Adding Assembly [ProtoGeometry] [make_stubs.py](1)[04:56:24]
[INFO] Loaded [ProtoGeometry] [make_stubs.py](1)[04:56:24]
[INFO] ============================== [make_stubs.py](1)[04:56:24]
[INFO] Adding Assembly [DSCoreNodes] [make_stubs.py](1)[04:56:24]
[INFO] Loaded [DSCoreNodes] [make_stubs.py](1)[04:56:24]
[INFO] ============================== [make_stubs.py](1)[04:56:24]
[INFO] Adding Assembly [DSOffice] [make_stubs.py](1)[04:56:24]
[INFO] Loaded [DSOffice] [make_stubs.py](1)[04:56:24]
[INFO] ============================== [make_stubs.py](1)[04:56:24]
[INFO] Adding Assembly [Tessellation] [make_stubs.py](1)[04:56:24]
[INFO] Loaded [Tessellation] [make_stubs.py](1)[04:56:24]
[INFO] >>> Assemblies Loaded. Crawling Modules [make_stubs.py](1)[04:56:24]
[WARNING] *** Assembly Skiped. Not in target list: mscorlib [make_stubs.py](1)[04:56:24]
[WARNING] *** Assembly Skiped. Not in target list: System [make_stubs.py](1)[04:56:24]
[WARNING] *** Assembly Skiped. Not in target list: IronPython.SQLite [make_stubs.py](1)[04:56:24]
[WARNING] *** Assembly Skiped. Not in target list: IronPython.Wpf [make_stubs.py](1)[04:56:24]
[INFO] Parsing Assembly: ProtoGeometry [make_stubs.py](1)[04:56:24]
[INFO] Parsing Assembly: DSCoreNodes [make_stubs.py](1)[04:56:24]
[INFO] Parsing Assembly: DSOffice [make_stubs.py](1)[04:56:24]
[INFO] Parsing Assembly: Tessellation [make_stubs.py](1)[04:56:24]
[INFO] ** LOG LEVEL: INFO [logger.py](1)[04:56:45]
[INFO] ============================== [make_stubs.py](1)[04:56:46]
[INFO] Adding Assembly [ProtoGeometry] [make_stubs.py](1)[04:56:46]
[INFO] Loaded [ProtoGeometry] [make_stubs.py](1)[04:56:46]
[INFO] ============================== [make_stubs.py](1)[04:56:46]
[INFO] Adding Assembly [DSCoreNodes] [make_stubs.py](1)[04:56:46]
[INFO] Loaded [DSCoreNodes] [make_stubs.py](1)[04:56:46]
[INFO] ============================== [make_stubs.py](1)[04:56:46]
[INFO] Adding Assembly [DSOffice] [make_stubs.py](1)[04:56:46]
[INFO] Loaded [DSOffice] [make_stubs.py](1)[04:56:46]
[INFO] ============================== [make_stubs.py](1)[04:56:46]
[INFO] Adding Assembly [Tessellation] [make_stubs.py](1)[04:56:46]
[INFO] Loaded [Tessellation] [make_stubs.py](1)[04:56:46]
[INFO] >>> Assemblies Loaded. Crawling Modules [make_stubs.py](1)[04:56:46]
[WARNING] *** Assembly Skiped. Not in target list: mscorlib [make_stubs.py](1)[04:56:46]
[WARNING] *** Assembly Skiped. Not in target list: System [make_stubs.py](1)[04:56:46]
[WARNING] *** Assembly Skiped. Not in target list: IronPython.SQLite [make_stubs.py](1)[04:56:46]
[WARNING] *** Assembly Skiped. Not in target list: IronPython.Wpf [make_stubs.py](1)[04:56:46]
[INFO] Parsing Assembly: ProtoGeometry [make_stubs.py](1)[04:56:46]
[INFO] Parsing Assembly: DSCoreNodes [make_stubs.py](1)[04:56:46]
[INFO] Parsing Assembly: DSOffice [make_stubs.py](1)[04:56:46]
[INFO] Parsing Assembly: Tessellation [make_stubs.py](1)[04:56:46]
[INFO] ** LOG LEVEL: INFO [logger.py](1)[04:57:00]
[INFO] ============================== [make_stubs.py](1)[04:57:01]
[INFO] Adding Assembly [ProtoGeometry] [make_stubs.py](1)[04:57:01]
[INFO] Loaded [ProtoGeometry] [make_stubs.py](1)[04:57:01]
[INFO] ============================== [make_stubs.py](1)[04:57:01]
[INFO] Adding Assembly [DSCoreNodes] [make_stubs.py](1)[04:57:01]
[INFO] Loaded [DSCoreNodes] [make_stubs.py](1)[04:57:01]
[INFO] ============================== [make_stubs.py](1)[04:57:01]
[INFO] Adding Assembly [DSOffice] [make_stubs.py](1)[04:57:01]
[INFO] Loaded [DSOffice] [make_stubs.py](1)[04:57:01]
[INFO] ============================== [make_stubs.py](1)[04:57:01]
[INFO] Adding Assembly [Tessellation] [make_stubs.py](1)[04:57:01]
[INFO] Loaded [Tessellation] [make_stubs.py](1)[04:57:01]
[INFO] >>> Assemblies Loaded. Crawling Modules [make_stubs.py](1)[04:57:01]
[WARNING] *** Assembly Skiped. Not in target list: mscorlib [make_stubs.py](1)[04:57:01]
[WARNING] *** Assembly Skiped. Not in target list: System [make_stubs.py](1)[04:57:01]
[WARNING] *** Assembly Skiped. Not in target list: IronPython.SQLite [make_stubs.py](1)[04:57:01]
[WARNING] *** Assembly Skiped. Not in target list: IronPython.Wpf [make_stubs.py](1)[04:57:01]
[INFO] Parsing Assembly: ProtoGeometry [make_stubs.py](1)[04:57:01]
[INFO] ** LOG LEVEL: INFO [logger.py](1)[04:57:12]
[INFO] ============================== [make_stubs.py](1)[04:57:13]
[INFO] Adding Assembly [ProtoGeometry] [make_stubs.py](1)[04:57:13]
[INFO] Loaded [ProtoGeometry] [make_stubs.py](1)[04:57:13]
[INFO] ============================== [make_stubs.py](1)[04:57:13]
[INFO] Adding Assembly [DSCoreNodes] [make_stubs.py](1)[04:57:13]
[INFO] Loaded [DSCoreNodes] [make_stubs.py](1)[04:57:13]
[INFO] ============================== [make_stubs.py](1)[04:57:13]
[INFO] Adding Assembly [DSOffice] [make_stubs.py](1)[04:57:13]
[INFO] Loaded [DSOffice] [make_stubs.py](1)[04:57:13]
[INFO] ============================== [make_stubs.py](1)[04:57:13]
[INFO] Adding Assembly [Tessellation] [make_stubs.py](1)[04:57:13]
[INFO] Loaded [Tessellation] [make_stubs.py](1)[04:57:13]
[INFO] >>> Assemblies Loaded. Crawling Modules [make_stubs.py](1)[04:57:13]
[WARNING] *** Assembly Skiped. Not in target list: mscorlib [make_stubs.py](1)[04:57:13]
[WARNING] *** Assembly Skiped. Not in target list: System [make_stubs.py](1)[04:57:13]
[WARNING] *** Assembly Skiped. Not in target list: IronPython.SQLite [make_stubs.py](1)[04:57:13]
[WARNING] *** Assembly Skiped. Not in target list: IronPython.Wpf [make_stubs.py](1)[04:57:13]
[INFO] Parsing Assembly: ProtoGeometry [make_stubs.py](1)[04:57:13]
[INFO] Parsing Assembly: DSCoreNodes [make_stubs.py](1)[04:57:13]
[INFO] Parsing Assembly: DSOffice [make_stubs.py](1)[04:57:13]
[INFO] Parsing Assembly: Tessellation [make_stubs.py](1)[04:57:13]
[INFO] ** LOG LEVEL: INFO [logger.py](1)[04:57:24]
[INFO] ============================== [make_stubs.py](1)[04:57:25]
[INFO] Adding Assembly [ProtoGeometry] [make_stubs.py](1)[04:57:25]
[INFO] Loaded [ProtoGeometry] [make_stubs.py](1)[04:57:25]
[INFO] ============================== [make_stubs.py](1)[04:57:25]
[INFO] Adding Assembly [DSCoreNodes] [make_stubs.py](1)[04:57:25]
[INFO] Loaded [DSCoreNodes] [make_stubs.py](1)[04:57:25]
[INFO] ============================== [make_stubs.py](1)[04:57:25]
[INFO] Adding Assembly [DSOffice] [make_stubs.py](1)[04:57:25]
[INFO] Loaded [DSOffice] [make_stubs.py](1)[04:57:25]
[INFO] ============================== [make_stubs.py](1)[04:57:25]
[INFO] Adding Assembly [Tessellation] [make_stubs.py](1)[04:57:25]
[INFO] Loaded [Tessellation] [make_stubs.py](1)[04:57:25]
[INFO] >>> Assemblies Loaded. Crawling Modules [make_stubs.py](1)[04:57:25]
[WARNING] *** Assembly Skiped. Not in target list: mscorlib [make_stubs.py](1)[04:57:25]
[WARNING] *** Assembly Skiped. Not in target list: System [make_stubs.py](1)[04:57:25]
[WARNING] *** Assembly Skiped. Not in target list: IronPython.SQLite [make_stubs.py](1)[04:57:25]
[WARNING] *** Assembly Skiped. Not in target list: IronPython.Wpf [make_stubs.py](1)[04:57:25]
[INFO] Parsing Assembly: ProtoGeometry [make_stubs.py](1)[04:57:25]
[INFO] Parsing Assembly: DSCoreNodes [make_stubs.py](1)[04:57:25]
[INFO] Parsing Assembly: DSOffice [make_stubs.py](1)[04:57:25]
[INFO] Parsing Assembly: Tessellation [make_stubs.py](1)[04:57:25]
[INFO] ** LOG LEVEL: INFO [logger.py](1)[04:58:17]
[INFO] ============================== [make_stubs.py](1)[04:58:18]
[INFO] Adding Assembly [ProtoGeometry] [make_stubs.py](1)[04:58:18]
[INFO] Loaded [ProtoGeometry] [make_stubs.py](1)[04:58:18]
[INFO] ============================== [make_stubs.py](1)[04:58:18]
[INFO] Adding Assembly [DSCoreNodes] [make_stubs.py](1)[04:58:18]
[INFO] Loaded [DSCoreNodes] [make_stubs.py](1)[04:58:18]
[INFO] ============================== [make_stubs.py](1)[04:58:18]
[INFO] Adding Assembly [DSOffice] [make_stubs.py](1)[04:58:18]
[INFO] Loaded [DSOffice] [make_stubs.py](1)[04:58:18]
[INFO] ============================== [make_stubs.py](1)[04:58:18]
[INFO] Adding Assembly [Tessellation] [make_stubs.py](1)[04:58:18]
[INFO] Loaded [Tessellation] [make_stubs.py](1)[04:58:18]
[INFO] >>> Assemblies Loaded. Crawling Modules [make_stubs.py](1)[04:58:18]
[WARNING] *** Assembly Skiped. Not in target list: mscorlib [make_stubs.py](1)[04:58:18]
[WARNING] *** Assembly Skiped. Not in target list: System [make_stubs.py](1)[04:58:18]
[WARNING] *** Assembly Skiped. Not in target list: IronPython.SQLite [make_stubs.py](1)[04:58:18]
[WARNING] *** Assembly Skiped. Not in target list: IronPython.Wpf [make_stubs.py](1)[04:58:18]
[INFO] Parsing Assembly: ProtoGeometry [make_stubs.py](1)[04:58:18]
[INFO] Parsing Assembly: DSCoreNodes [make_stubs.py](1)[04:58:18]
[INFO] Parsing Assembly: DSOffice [make_stubs.py](1)[04:58:18]
[INFO] Parsing Assembly: Tessellation [make_stubs.py](1)[04:58:18]
[INFO] ** LOG LEVEL: INFO [logger.py](1)[04:59:02]
[INFO] ============================== [make_stubs.py](1)[04:59:03]
[INFO] Adding Assembly [ProtoGeometry] [make_stubs.py](1)[04:59:03]
[INFO] Loaded [ProtoGeometry] [make_stubs.py](1)[04:59:03]
[INFO] ============================== [make_stubs.py](1)[04:59:03]
[INFO] Adding Assembly [DSCoreNodes] [make_stubs.py](1)[04:59:03]
[INFO] Loaded [DSCoreNodes] [make_stubs.py](1)[04:59:03]
[INFO] ============================== [make_stubs.py](1)[04:59:03]
[INFO] Adding Assembly [DSOffice] [make_stubs.py](1)[04:59:03]
[INFO] Loaded [DSOffice] [make_stubs.py](1)[04:59:03]
[INFO] ============================== [make_stubs.py](1)[04:59:03]
[INFO] Adding Assembly [Tessellation] [make_stubs.py](1)[04:59:03]
[INFO] Loaded [Tessellation] [make_stubs.py](1)[04:59:03]
[INFO] >>> Assemblies Loaded. Crawling Modules [make_stubs.py](1)[04:59:03]
[WARNING] *** Assembly Skiped. Not in target list: mscorlib [make_stubs.py](1)[04:59:03]
[WARNING] *** Assembly Skiped. Not in target list: System [make_stubs.py](1)[04:59:03]
[WARNING] *** Assembly Skiped. Not in target list: IronPython.SQLite [make_stubs.py](1)[04:59:03]
[WARNING] *** Assembly Skiped. Not in target list: IronPython.Wpf [make_stubs.py](1)[04:59:03]
[INFO] Parsing Assembly: ProtoGeometry [make_stubs.py](1)[04:59:03]
[INFO] Parsing Assembly: DSCoreNodes [make_stubs.py](1)[04:59:03]
[INFO] Parsing Assembly: DSOffice [make_stubs.py](1)[04:59:03]
[INFO] Parsing Assembly: Tessellation [make_stubs.py](1)[04:59:03]
[INFO] ** LOG LEVEL: INFO [logger.py](1)[04:59:46]
[INFO] ============================== [make_stubs.py](1)[04:59:46]
[INFO] Adding Assembly [ProtoGeometry] [make_stubs.py](1)[04:59:46]
[INFO] Loaded [ProtoGeometry] [make_stubs.py](1)[04:59:46]
[INFO] ============================== [make_stubs.py](1)[04:59:46]
[INFO] Adding Assembly [DSCoreNodes] [make_stubs.py](1)[04:59:46]
[INFO] Loaded [DSCoreNodes] [make_stubs.py](1)[04:59:46]
[INFO] ============================== [make_stubs.py](1)[04:59:46]
[INFO] Adding Assembly [DSOffice] [make_stubs.py](1)[04:59:46]
[INFO] Loaded [DSOffice] [make_stubs.py](1)[04:59:46]
[INFO] ============================== [make_stubs.py](1)[04:59:46]
[INFO] Adding Assembly [Tessellation] [make_stubs.py](1)[04:59:46]
[INFO] Loaded [Tessellation] [make_stubs.py](1)[04:59:46]
[INFO] >>> Assemblies Loaded. Crawling Modules [make_stubs.py](1)[04:59:46]
[WARNING] *** Assembly Skiped. Not in target list: mscorlib [make_stubs.py](1)[04:59:46]
[WARNING] *** Assembly Skiped. Not in target list: System [make_stubs.py](1)[04:59:46]
[WARNING] *** Assembly Skiped. Not in target list: IronPython.SQLite [make_stubs.py](1)[04:59:46]
[WARNING] *** Assembly Skiped. Not in target list: IronPython.Wpf [make_stubs.py](1)[04:59:46]
[INFO] Parsing Assembly: ProtoGeometry [make_stubs.py](1)[04:59:46]
[INFO] Parsing Assembly: DSCoreNodes [make_stubs.py](1)[04:59:46]
[INFO] Parsing Assembly: DSOffice [make_stubs.py](1)[04:59:46]
[INFO] Parsing Assembly: Tessellation [make_stubs.py](1)[04:59:46]
